
> temp-next-app@0.1.0 dev
> next dev -p 3000

⚠ `eslint` configuration in next.config.ts is no longer supported. See more info here: https://nextjs.org/docs/app/api-reference/cli/next#next-lint-options
⚠ Invalid next.config.ts options detected: 
⚠     Unrecognized key(s) in object: 'eslint'
⚠ See more info here: https://nextjs.org/docs/messages/invalid-next-config
▲ Next.js 16.1.6 (Turbopack)
- Local:         http://localhost:3000
- Network:       http://192.168.29.165:3000
- Environments: .env.local

✓ Starting...
⚠ The "middleware" file convention is deprecated. Please use "proxy" instead. Learn more: https://nextjs.org/docs/messages/middleware-to-proxy
✓ Ready in 3.7s
○ Compiling / ...
 GET / 307 in 17.4s (compile: 16.7s, render: 677ms)
○ Compiling /login ...
 GET /login 200 in 6.0s (compile: 5.6s, proxy.ts: 121ms, render: 251ms)
✓ Finished writing to filesystem cache in 16.9s
✓ Finished filesystem cache database compaction in 22.8s
✓ Finished writing to filesystem cache in 22.6s
 HEAD / 307 in 6.1s (compile: 3.7s, render: 2.5s)
 GET / 307 in 263ms (compile: 131ms, render: 132ms)
 GET /login 200 in 142ms (compile: 11ms, proxy.ts: 10ms, render: 121ms)
 GET /auth/callback?iss=https%3A%2F%2Faccounts.google.com&code=4%2F0AfrIepDv8KGYKzL8q4uXaeYtYCkV5lFOc_Mx3oflABd7L014ZZWctB9fM6MWrV_YjtJQ7Q&scope=email+profile+https%3A%2F%2Fwww.googleapis.com%2Fauth%2Fuserinfo.profile+https%3A%2F%2Fwww.googleapis.com%2Fauth%2Fuserinfo.email+openid&authuser=0&prompt=consent 200 in 1867ms (compile: 1693ms, render: 174ms)
 GET /login?error=auth_failed 200 in 180ms (compile: 32ms, proxy.ts: 13ms, render: 135ms)
 GET /login?error=auth_failed 200 in 60ms (compile: 9ms, proxy.ts: 9ms, render: 42ms)
✓ Compiled in 2.9s
 GET /auth/callback?iss=https%3A%2F%2Faccounts.google.com&code=4%2F0AfrIepBn2Gc34k12MhiuzQnZ9byzkNKIZGCBhwTeqJ8iOrRhiFDkiJEmEawn6sKBmdUlpg&scope=email+profile+https%3A%2F%2Fwww.googleapis.com%2Fauth%2Fuserinfo.profile+https%3A%2F%2Fwww.googleapis.com%2Fauth%2Fuserinfo.email+openid&authuser=0&prompt=consent 200 in 584ms (compile: 175ms, render: 409ms)
 GET /login?error=auth_failed 200 in 895ms (compile: 408ms, proxy.ts: 149ms, render: 338ms)
 GET /login?error=auth_failed 200 in 176ms (compile: 34ms, proxy.ts: 9ms, render: 133ms)
[?25h
