Watching for file changes with StatReloader
Exception in thread django-main-thread:
Traceback (most recent call last):
  File "/usr/lib64/python3.14/threading.py", line 1082, in _bootstrap_inner
    self._context.run(self.run)
    ~~~~~~~~~~~~~~~~~^^^^^^^^^^
  File "/usr/lib64/python3.14/threading.py", line 1024, in run
    self._target(*self._args, **self._kwargs)
    ~~~~~~~~~~~~^^^^^^^^^^^^^^^^^^^^^^^^^^^^^
  File "/home/monster13liar/SPLIT-PAY/backend/.venv/lib64/python3.14/site-packages/django/utils/autoreload.py", line 64, in wrapper
    fn(*args, **kwargs)
    ~~^^^^^^^^^^^^^^^^^
  File "/home/monster13liar/SPLIT-PAY/backend/.venv/lib64/python3.14/site-packages/django/core/management/commands/runserver.py", line 125, in inner_run
    autoreload.raise_last_exception()
    ~~~~~~~~~~~~~~~~~~~~~~~~~~~~~~~^^
  File "/home/monster13liar/SPLIT-PAY/backend/.venv/lib64/python3.14/site-packages/django/utils/autoreload.py", line 87, in raise_last_exception
    raise _exception[1]
  File "/home/monster13liar/SPLIT-PAY/backend/.venv/lib64/python3.14/site-packages/django/core/management/__init__.py", line 394, in execute
    autoreload.check_errors(django.setup)()
    ~~~~~~~~~~~~~~~~~~~~~~~~~~~~~~~~~~~~~^^
  File "/home/monster13liar/SPLIT-PAY/backend/.venv/lib64/python3.14/site-packages/django/utils/autoreload.py", line 64, in wrapper
    fn(*args, **kwargs)
    ~~^^^^^^^^^^^^^^^^^
  File "/home/monster13liar/SPLIT-PAY/backend/.venv/lib64/python3.14/site-packages/django/__init__.py", line 24, in setup
    apps.populate(settings.INSTALLED_APPS)
    ~~~~~~~~~~~~~^^^^^^^^^^^^^^^^^^^^^^^^^
  File "/home/monster13liar/SPLIT-PAY/backend/.venv/lib64/python3.14/site-packages/django/apps/registry.py", line 116, in populate
    app_config.import_models()
    ~~~~~~~~~~~~~~~~~~~~~~~~^^
  File "/home/monster13liar/SPLIT-PAY/backend/.venv/lib64/python3.14/site-packages/django/apps/config.py", line 269, in import_models
    self.models_module = import_module(models_module_name)
                         ~~~~~~~~~~~~~^^^^^^^^^^^^^^^^^^^^
  File "/usr/lib64/python3.14/importlib/__init__.py", line 88, in import_module
    return _bootstrap._gcd_import(name[level:], package, level)
           ~~~~~~~~~~~~~~~~~~~~~~^^^^^^^^^^^^^^^^^^^^^^^^^^^^^^
  File "<frozen importlib._bootstrap>", line 1398, in _gcd_import
  File "<frozen importlib._bootstrap>", line 1371, in _find_and_load
  File "<frozen importlib._bootstrap>", line 1342, in _find_and_load_unlocked
  File "<frozen importlib._bootstrap>", line 938, in _load_unlocked
  File "<frozen importlib._bootstrap_external>", line 759, in exec_module
  File "<frozen importlib._bootstrap>", line 491, in _call_with_frames_removed
  File "/home/monster13liar/SPLIT-PAY/backend/.venv/lib64/python3.14/site-packages/dj_rest_auth/models.py", line 28, in <module>
    TokenModel = get_token_model()
  File "/home/monster13liar/SPLIT-PAY/backend/.venv/lib64/python3.14/site-packages/dj_rest_auth/models.py", line 21, in get_token_model
    raise ImproperlyConfigured(
    ...<2 lines>...
    )
django.core.exceptions.ImproperlyConfigured: You must include `rest_framework.authtoken` in INSTALLED_APPS or set TOKEN_MODEL to None
/home/monster13liar/SPLIT-PAY/backend/config/settings.py changed, reloading.
Traceback (most recent call last):
  File "/home/monster13liar/SPLIT-PAY/backend/manage.py", line 22, in <module>
    main()
    ~~~~^^
  File "/home/monster13liar/SPLIT-PAY/backend/manage.py", line 11, in main
    from django.core.management import execute_from_command_line
  File "/home/monster13liar/SPLIT-PAY/backend/.venv/lib64/python3.14/site-packages/django/core/management/__init__.py", line 19, in <module>
    from django.core.management.base import (
    ...<4 lines>...
    )
  File "/home/monster13liar/SPLIT-PAY/backend/.venv/lib64/python3.14/site-packages/django/core/management/base.py", line 13, in <module>
    from django.core import checks
  File "/home/monster13liar/SPLIT-PAY/backend/.venv/lib64/python3.14/site-packages/django/core/checks/__init__.py", line 26, in <module>
    import django.core.checks.templates  # NOQA isort:skip
    ^^^^^^^^^^^^^^^^^^^^^^^^^^^^^^^^^^^
  File "/home/monster13liar/SPLIT-PAY/backend/.venv/lib64/python3.14/site-packages/django/core/checks/templates.py", line 5, in <module>
    from django.template.backends.django import get_template_tag_modules
  File "/home/monster13liar/SPLIT-PAY/backend/.venv/lib64/python3.14/site-packages/django/template/__init__.py", line 44, in <module>
    from .engine import Engine
  File "/home/monster13liar/SPLIT-PAY/backend/.venv/lib64/python3.14/site-packages/django/template/engine.py", line 7, in <module>
    from .base import Template
  File "/home/monster13liar/SPLIT-PAY/backend/.venv/lib64/python3.14/site-packages/django/template/base.py", line 59, in <module>
    from django.utils.formats import localize
  File "/home/monster13liar/SPLIT-PAY/backend/.venv/lib64/python3.14/site-packages/django/utils/formats.py", line 5, in <module>
    import unicodedata
  File "<frozen importlib._bootstrap>", line 1371, in _find_and_load
  File "<frozen importlib._bootstrap>", line 1342, in _find_and_load_unlocked
  File "<frozen importlib._bootstrap>", line 924, in _load_unlocked
  File "<frozen importlib._bootstrap>", line 816, in module_from_spec
  File "<frozen importlib._bootstrap_external>", line 1055, in create_module
  File "<frozen importlib._bootstrap>", line 494, in _verbose_message
KeyboardInterrupt
