Watching for file changes with StatReloader
Exception in thread django-main-thread:
Traceback (most recent call last):
  File "/usr/lib64/python3.14/threading.py", line 1082, in _bootstrap_inner
    self._context.run(self.run)
    ~~~~~~~~~~~~~~~~~^^^^^^^^^^
  File "/usr/lib64/python3.14/threading.py", line 1024, in run
    self._target(*self._args, **self._kwargs)
    ~~~~~~~~~~~~^^^^^^^^^^^^^^^^^^^^^^^^^^^^^
  File "/home/monster13liar/SPLIT-PAY/backend/.venv/lib64/python3.14/site-packages/django/utils/autoreload.py", line 64, in wrapper
    fn(*args, **kwargs)
    ~~^^^^^^^^^^^^^^^^^
  File "/home/monster13liar/SPLIT-PAY/backend/.venv/lib64/python3.14/site-packages/django/core/management/commands/runserver.py", line 125, in inner_run
    autoreload.raise_last_exception()
    ~~~~~~~~~~~~~~~~~~~~~~~~~~~~~~~^^
  File "/home/monster13liar/SPLIT-PAY/backend/.venv/lib64/python3.14/site-packages/django/utils/autoreload.py", line 87, in raise_last_exception
    raise _exception[1]
  File "/home/monster13liar/SPLIT-PAY/backend/.venv/lib64/python3.14/site-packages/django/core/management/__init__.py", line 394, in execute
    autoreload.check_errors(django.setup)()
    ~~~~~~~~~~~~~~~~~~~~~~~~~~~~~~~~~~~~~^^
  File "/home/monster13liar/SPLIT-PAY/backend/.venv/lib64/python3.14/site-packages/django/utils/autoreload.py", line 64, in wrapper
    fn(*args, **kwargs)
    ~~^^^^^^^^^^^^^^^^^
  File "/home/monster13liar/SPLIT-PAY/backend/.venv/lib64/python3.14/site-packages/django/__init__.py", line 24, in setup
    apps.populate(settings.INSTALLED_APPS)
    ~~~~~~~~~~~~~^^^^^^^^^^^^^^^^^^^^^^^^^
  File "/home/monster13liar/SPLIT-PAY/backend/.venv/lib64/python3.14/site-packages/django/apps/registry.py", line 124, in populate
    app_config.ready()
    ~~~~~~~~~~~~~~~~^^
  File "/home/monster13liar/SPLIT-PAY/backend/.venv/lib64/python3.14/site-packages/allauth/socialaccount/apps.py", line 16, in ready
    registry.load()
    ~~~~~~~~~~~~~^^
  File "/home/monster13liar/SPLIT-PAY/backend/.venv/lib64/python3.14/site-packages/allauth/socialaccount/providers/__init__.py", line 41, in load
    provider_module = importlib.import_module(module_name)
  File "/usr/lib64/python3.14/importlib/__init__.py", line 88, in import_module
    return _bootstrap._gcd_import(name[level:], package, level)
           ~~~~~~~~~~~~~~~~~~~~~~^^^^^^^^^^^^^^^^^^^^^^^^^^^^^^
  File "<frozen importlib._bootstrap>", line 1398, in _gcd_import
  File "<frozen importlib._bootstrap>", line 1371, in _find_and_load
  File "<frozen importlib._bootstrap>", line 1342, in _find_and_load_unlocked
  File "<frozen importlib._bootstrap>", line 938, in _load_unlocked
  File "<frozen importlib._bootstrap_external>", line 759, in exec_module
  File "<frozen importlib._bootstrap>", line 491, in _call_with_frames_removed
  File "/home/monster13liar/SPLIT-PAY/backend/.venv/lib64/python3.14/site-packages/allauth/socialaccount/providers/google/provider.py", line 7, in <module>
    from allauth.socialaccount.providers.google.views import GoogleOAuth2Adapter
  File "/home/monster13liar/SPLIT-PAY/backend/.venv/lib64/python3.14/site-packages/allauth/socialaccount/providers/google/views.py", line 15, in <module>
    from allauth.socialaccount.internal import jwtkit
  File "/home/monster13liar/SPLIT-PAY/backend/.venv/lib64/python3.14/site-packages/allauth/socialaccount/internal/jwtkit.py", line 7, in <module>
    from cryptography.hazmat.backends import default_backend
ModuleNotFoundError: No module named 'cryptography'
