Collecting django==5.0.1 (from -r requirements.txt (line 1))
  Using cached Django-5.0.1-py3-none-any.whl.metadata (4.2 kB)
Collecting djangorestframework==3.14.0 (from -r requirements.txt (line 2))
  Using cached djangorestframework-3.14.0-py3-none-any.whl.metadata (10 kB)
Collecting django-cors-headers==4.3.1 (from -r requirements.txt (line 3))
  Using cached django_cors_headers-4.3.1-py3-none-any.whl.metadata (16 kB)
Collecting psycopg2-binary (from -r requirements.txt (line 4))
  Downloading psycopg2_binary-2.9.11-cp314-cp314-manylinux2014_x86_64.manylinux_2_17_x86_64.whl.metadata (4.9 kB)
Collecting python-dotenv==1.0.0 (from -r requirements.txt (line 5))
  Downloading python_dotenv-1.0.0-py3-none-any.whl.metadata (21 kB)
Collecting asgiref<4,>=3.7.0 (from django==5.0.1->-r requirements.txt (line 1))
  Using cached asgiref-3.11.0-py3-none-any.whl.metadata (9.3 kB)
Collecting sqlparse>=0.3.1 (from django==5.0.1->-r requirements.txt (line 1))
  Using cached sqlparse-0.5.5-py3-none-any.whl.metadata (4.7 kB)
Collecting pytz (from djangorestframework==3.14.0->-r requirements.txt (line 2))
  Downloading pytz-2025.2-py2.py3-none-any.whl.metadata (22 kB)
Downloading Django-5.0.1-py3-none-any.whl (8.1 MB)
   ━━━━━━━━━━━━━━━━━━━━━━━━━━━━━━━━━━━━━━━━ 8.1/8.1 MB 8.9 MB/s eta 0:00:00
Downloading djangorestframework-3.14.0-py3-none-any.whl (1.1 MB)
   ━━━━━━━━━━━━━━━━━━━━━━━━━━━━━━━━━━━━━━━━ 1.1/1.1 MB 31.6 MB/s eta 0:00:00
Downloading django_cors_headers-4.3.1-py3-none-any.whl (12 kB)
Downloading python_dotenv-1.0.0-py3-none-any.whl (19 kB)
Using cached asgiref-3.11.0-py3-none-any.whl (24 kB)
Downloading psycopg2_binary-2.9.11-cp314-cp314-manylinux2014_x86_64.manylinux_2_17_x86_64.whl (4.2 MB)
   ━━━━━━━━━━━━━━━━━━━━━━━━━━━━━━━━━━━━━━━━ 4.2/4.2 MB 5.7 MB/s eta 0:00:00
Using cached sqlparse-0.5.5-py3-none-any.whl (46 kB)
Downloading pytz-2025.2-py2.py3-none-any.whl (509 kB)
Installing collected packages: pytz, sqlparse, python-dotenv, psycopg2-binary, asgiref, django, djangorestframework, django-cors-headers

Successfully installed asgiref-3.11.0 django-5.0.1 django-cors-headers-4.3.1 djangorestframework-3.14.0 psycopg2-binary-2.9.11 python-dotenv-1.0.0 pytz-2025.2 sqlparse-0.5.5

[notice] A new release of pip is available: 25.1.1 -> 26.0
[notice] To update, run: /home/monster13liar/SPLIT-PAY/backend/venv/bin/python3 -m pip install --upgrade pip
